|--- feature_5 <= 7.78
|   |--- feature_7 <= 1.36
|   |   |--- feature_12 <= 10.51
|   |   |   |--- class: 206
|   |   |--- feature_12 >  10.51
|   |   |   |--- feature_12 <= 32.03
|   |   |   |   |--- feature_9 <= 534.50
|   |   |   |   |   |--- feature_3 <= 0.50
|   |   |   |   |   |   |--- class: 21
|   |   |   |   |   |--- feature_3 >  0.50
|   |   |   |   |   |   |--- class: 34
|   |   |   |   |--- feature_9 >  534.50
|   |   |   |   |   |--- feature_7 <= 1.23
|   |   |   |   |   |   |--- class: 22
|   |   |   |   |   |--- feature_7 >  1.23
|   |   |   |   |   |   |--- feature_6 <= 96.65
|   |   |   |   |   |   |   |--- class: 38
|   |   |   |   |   |   |--- feature_6 >  96.65
|   |   |   |   |   |   |   |--- class: 144
|   |   |   |--- feature_12 >  32.03
|   |   |   |   |--- class: 37
|   |--- feature_7 >  1.36
|   |   |--- feature_11 <= 2.56
|   |   |   |--- class: 34
|   |   |--- feature_11 >  2.56
|   |   |   |--- feature_12 <= 14.89
|   |   |   |   |--- feature_5 <= 6.61
|   |   |   |   |   |--- feature_12 <= 7.56
|   |   |   |   |   |   |--- feature_12 <= 6.77
|   |   |   |   |   |   |   |--- feature_9 <= 298.00
|   |   |   |   |   |   |   |   |--- feature_10 <= 19.65
|   |   |   |   |   |   |   |   |   |--- feature_9 <= 276.00
|   |   |   |   |   |   |   |   |   |   |--- feature_9 <= 207.50
|   |   |   |   |   |   |   |   |   |   |   |--- class: 168
|   |   |   |   |   |   |   |   |   |   |--- feature_9 >  207.50
|   |   |   |   |   |   |   |   |   |   |   |--- truncated branch of depth 4
|   |   |   |   |   |   |   |   |   |--- feature_9 >  276.00
|   |   |   |   |   |   |   |   |   |   |--- feature_0 <= 0.25
|   |   |   |   |   |   |   |   |   |   |   |--- truncated branch of depth 2
|   |   |   |   |   |   |   |   |   |   |--- feature_0 >  0.25
|   |   |   |   |   |   |   |   |   |   |   |--- class: 116
|   |   |   |   |   |   |   |   |--- feature_10 >  19.65
|   |   |   |   |   |   |   |   |   |--- feature_5 <= 6.31
|   |   |   |   |   |   |   |   |   |   |--- class: 95
|   |   |   |   |   |   |   |   |   |--- feature_5 >  6.31
|   |   |   |   |   |   |   |   |   |   |--- class: 108
|   |   |   |   |   |   |   |--- feature_9 >  298.00
|   |   |   |   |   |   |   |   |--- feature_9 <= 302.00
|   |   |   |   |   |   |   |   |   |--- class: 123
|   |   |   |   |   |   |   |   |--- feature_9 >  302.00
|   |   |   |   |   |   |   |   |   |--- feature_12 <= 6.17
|   |   |   |   |   |   |   |   |   |   |--- feature_10 <= 14.75
|   |   |   |   |   |   |   |   |   |   |   |--- class: 141
|   |   |   |   |   |   |   |   |   |   |--- feature_10 >  14.75
|   |   |   |   |   |   |   |   |   |   |   |--- truncated branch of depth 8
|   |   |   |   |   |   |   |   |   |--- feature_12 >  6.17
|   |   |   |   |   |   |   |   |   |   |--- feature_10 <= 17.15
|   |   |   |   |   |   |   |   |   |   |   |--- truncated branch of depth 2
|   |   |   |   |   |   |   |   |   |   |--- feature_10 >  17.15
|   |   |   |   |   |   |   |   |   |   |   |--- class: 117
|   |   |   |   |   |   |--- feature_12 >  6.77
|   |   |   |   |   |   |   |--- feature_11 <= 391.76
|   |   |   |   |   |   |   |   |--- feature_0 <= 0.08
|   |   |   |   |   |   |   |   |   |--- feature_10 <= 17.95
|   |   |   |   |   |   |   |   |   |   |--- class: 112
|   |   |   |   |   |   |   |   |   |--- feature_10 >  17.95
|   |   |   |   |   |   |   |   |   |   |--- class: 115
|   |   |   |   |   |   |   |   |--- feature_0 >  0.08
|   |   |   |   |   |   |   |   |   |--- class: 119
|   |   |   |   |   |   |   |--- feature_11 >  391.76
|   |   |   |   |   |   |   |   |--- feature_9 <= 320.50
|   |   |   |   |   |   |   |   |   |--- feature_4 <= 0.42
|   |   |   |   |   |   |   |   |   |   |--- class: 118
|   |   |   |   |   |   |   |   |   |--- feature_4 >  0.42
|   |   |   |   |   |   |   |   |   |   |--- feature_6 <= 28.75
|   |   |   |   |   |   |   |   |   |   |   |--- class: 132
|   |   |   |   |   |   |   |   |   |   |--- feature_6 >  28.75
|   |   |   |   |   |   |   |   |   |   |   |--- truncated branch of depth 2
|   |   |   |   |   |   |   |   |--- feature_9 >  320.50
|   |   |   |   |   |   |   |   |   |--- class: 127
|   |   |   |   |   |--- feature_12 >  7.56
|   |   |   |   |   |   |--- feature_0 <= 0.07
|   |   |   |   |   |   |   |--- feature_10 <= 19.15
|   |   |   |   |   |   |   |   |--- feature_10 <= 18.85
|   |   |   |   |   |   |   |   |   |--- feature_5 <= 6.36
|   |   |   |   |   |   |   |   |   |   |--- feature_6 <= 31.30
|   |   |   |   |   |   |   |   |   |   |   |--- truncated branch of depth 4
|   |   |   |   |   |   |   |   |   |   |--- feature_6 >  31.30
|   |   |   |   |   |   |   |   |   |   |   |--- truncated branch of depth 8
|   |   |   |   |   |   |   |   |   |--- feature_5 >  6.36
|   |   |   |   |   |   |   |   |   |   |--- feature_0 <= 0.04
|   |   |   |   |   |   |   |   |   |   |   |--- truncated branch of depth 3
|   |   |   |   |   |   |   |   |   |   |--- feature_0 >  0.04
|   |   |   |   |   |   |   |   |   |   |   |--- truncated branch of depth 2
|   |   |   |   |   |   |   |   |--- feature_10 >  18.85
|   |   |   |   |   |   |   |   |   |--- class: 106
|   |   |   |   |   |   |   |--- feature_10 >  19.15
|   |   |   |   |   |   |   |   |--- feature_5 <= 6.05
|   |   |   |   |   |   |   |   |   |--- feature_4 <= 0.51
|   |   |   |   |   |   |   |   |   |   |--- feature_5 <= 5.78
|   |   |   |   |   |   |   |   |   |   |   |--- class: 70
|   |   |   |   |   |   |   |   |   |   |--- feature_5 >  5.78
|   |   |   |   |   |   |   |   |   |   |   |--- class: 77
|   |   |   |   |   |   |   |   |   |--- feature_4 >  0.51
|   |   |   |   |   |   |   |   |   |   |--- feature_6 <= 39.95
|   |   |   |   |   |   |   |   |   |   |   |--- class: 98
|   |   |   |   |   |   |   |   |   |   |--- feature_6 >  39.95
|   |   |   |   |   |   |   |   |   |   |   |--- truncated branch of depth 4
|   |   |   |   |   |   |   |   |--- feature_5 >  6.05
|   |   |   |   |   |   |   |   |   |--- class: 94
|   |   |   |   |   |   |--- feature_0 >  0.07
|   |   |   |   |   |   |   |--- feature_8 <= 2.50
|   |   |   |   |   |   |   |   |--- feature_11 <= 381.35
|   |   |   |   |   |   |   |   |   |--- class: 91
|   |   |   |   |   |   |   |   |--- feature_11 >  381.35
|   |   |   |   |   |   |   |   |   |--- class: 100
|   |   |   |   |   |   |   |--- feature_8 >  2.50
|   |   |   |   |   |   |   |   |--- feature_0 <= 0.29
|   |   |   |   |   |   |   |   |   |--- feature_2 <= 10.70
|   |   |   |   |   |   |   |   |   |   |--- feature_9 <= 329.50
|   |   |   |   |   |   |   |   |   |   |   |--- truncated branch of depth 9
|   |   |   |   |   |   |   |   |   |   |--- feature_9 >  329.50
|   |   |   |   |   |   |   |   |   |   |   |--- truncated branch of depth 8
|   |   |   |   |   |   |   |   |   |--- feature_2 >  10.70
|   |   |   |   |   |   |   |   |   |   |--- feature_4 <= 0.49
|   |   |   |   |   |   |   |   |   |   |   |--- truncated branch of depth 2
|   |   |   |   |   |   |   |   |   |   |--- feature_4 >  0.49
|   |   |   |   |   |   |   |   |   |   |   |--- truncated branch of depth 2
|   |   |   |   |   |   |   |   |--- feature_0 >  0.29
|   |   |   |   |   |   |   |   |   |--- feature_12 <= 8.37
|   |   |   |   |   |   |   |   |   |   |--- feature_2 <= 13.12
|   |   |   |   |   |   |   |   |   |   |   |--- class: 92
|   |   |   |   |   |   |   |   |   |   |--- feature_2 >  13.12
|   |   |   |   |   |   |   |   |   |   |   |--- class: 134
|   |   |   |   |   |   |   |   |   |--- feature_12 >  8.37
|   |   |   |   |   |   |   |   |   |   |--- feature_4 <= 0.51
|   |   |   |   |   |   |   |   |   |   |   |--- truncated branch of depth 2
|   |   |   |   |   |   |   |   |   |   |--- feature_4 >  0.51
|   |   |   |   |   |   |   |   |   |   |   |--- truncated branch of depth 16
|   |   |   |   |--- feature_5 >  6.61
|   |   |   |   |   |--- feature_5 <= 6.63
|   |   |   |   |   |   |--- feature_2 <= 3.88
|   |   |   |   |   |   |   |--- class: 147
|   |   |   |   |   |   |--- feature_2 >  3.88
|   |   |   |   |   |   |   |--- feature_4 <= 0.47
|   |   |   |   |   |   |   |   |--- class: 125
|   |   |   |   |   |   |   |--- feature_4 >  0.47
|   |   |   |   |   |   |   |   |--- class: 156
|   |   |   |   |   |--- feature_5 >  6.63
|   |   |   |   |   |   |--- feature_11 <= 395.57
|   |   |   |   |   |   |   |--- feature_10 <= 17.85
|   |   |   |   |   |   |   |   |--- feature_6 <= 27.85
|   |   |   |   |   |   |   |   |   |--- feature_7 <= 5.86
|   |   |   |   |   |   |   |   |   |   |--- feature_11 <= 383.97
|   |   |   |   |   |   |   |   |   |   |   |--- class: 203
|   |   |   |   |   |   |   |   |   |   |--- feature_11 >  383.97
|   |   |   |   |   |   |   |   |   |   |   |--- class: 172
|   |   |   |   |   |   |   |   |   |--- feature_7 >  5.86
|   |   |   |   |   |   |   |   |   |   |--- feature_6 <= 9.95
|   |   |   |   |   |   |   |   |   |   |   |--- class: 161
|   |   |   |   |   |   |   |   |   |   |--- feature_6 >  9.95
|   |   |   |   |   |   |   |   |   |   |   |--- truncated branch of depth 6
|   |   |   |   |   |   |   |   |--- feature_6 >  27.85
|   |   |   |   |   |   |   |   |   |--- feature_5 <= 6.85
|   |   |   |   |   |   |   |   |   |   |--- feature_9 <= 270.00
|   |   |   |   |   |   |   |   |   |   |   |--- truncated branch of depth 2
|   |   |   |   |   |   |   |   |   |   |--- feature_9 >  270.00
|   |   |   |   |   |   |   |   |   |   |   |--- truncated branch of depth 5
|   |   |   |   |   |   |   |   |   |--- feature_5 >  6.85
|   |   |   |   |   |   |   |   |   |   |--- feature_11 <= 358.87
|   |   |   |   |   |   |   |   |   |   |   |--- class: 157
|   |   |   |   |   |   |   |   |   |   |--- feature_11 >  358.87
|   |   |   |   |   |   |   |   |   |   |   |--- truncated branch of depth 14
|   |   |   |   |   |   |   |--- feature_10 >  17.85
|   |   |   |   |   |   |   |   |--- feature_4 <= 0.45
|   |   |   |   |   |   |   |   |   |--- feature_12 <= 6.55
|   |   |   |   |   |   |   |   |   |   |--- feature_5 <= 6.95
|   |   |   |   |   |   |   |   |   |   |   |--- class: 139
|   |   |   |   |   |   |   |   |   |   |--- feature_5 >  6.95
|   |   |   |   |   |   |   |   |   |   |   |--- class: 153
|   |   |   |   |   |   |   |   |   |--- feature_12 >  6.55
|   |   |   |   |   |   |   |   |   |   |--- feature_2 <= 3.62
|   |   |   |   |   |   |   |   |   |   |   |--- class: 171
|   |   |   |   |   |   |   |   |   |   |--- feature_2 >  3.62
|   |   |   |   |   |   |   |   |   |   |   |--- class: 137
|   |   |   |   |   |   |   |   |--- feature_4 >  0.45
|   |   |   |   |   |   |   |   |   |--- feature_3 <= 0.50
|   |   |   |   |   |   |   |   |   |   |--- feature_1 <= 16.50
|   |   |   |   |   |   |   |   |   |   |   |--- truncated branch of depth 5
|   |   |   |   |   |   |   |   |   |   |--- feature_1 >  16.50
|   |   |   |   |   |   |   |   |   |   |   |--- class: 182
|   |   |   |   |   |   |   |   |   |--- feature_3 >  0.50
|   |   |   |   |   |   |   |   |   |   |--- class: 180
|   |   |   |   |   |   |--- feature_11 >  395.57
|   |   |   |   |   |   |   |--- feature_6 <= 19.60
|   |   |   |   |   |   |   |   |--- class: 178
|   |   |   |   |   |   |   |--- feature_6 >  19.60
|   |   |   |   |   |   |   |   |--- feature_4 <= 0.52
|   |   |   |   |   |   |   |   |   |--- feature_0 <= 0.03
|   |   |   |   |   |   |   |   |   |   |--- class: 125
|   |   |   |   |   |   |   |   |   |--- feature_0 >  0.03
|   |   |   |   |   |   |   |   |   |   |--- feature_12 <= 3.27
|   |   |   |   |   |   |   |   |   |   |   |--- class: 166
|   |   |   |   |   |   |   |   |   |   |--- feature_12 >  3.27
|   |   |   |   |   |   |   |   |   |   |   |--- truncated branch of depth 12
|   |   |   |   |   |   |   |   |--- feature_4 >  0.52
|   |   |   |   |   |   |   |   |   |--- feature_2 <= 10.97
|   |   |   |   |   |   |   |   |   |   |--- class: 114
|   |   |   |   |   |   |   |   |   |--- feature_2 >  10.97
|   |   |   |   |   |   |   |   |   |   |--- class: 125
|   |   |   |--- feature_12 >  14.89
|   |   |   |   |--- feature_0 <= 11.49
|   |   |   |   |   |--- feature_12 <= 30.39
|   |   |   |   |   |   |--- feature_4 <= 0.53
|   |   |   |   |   |   |   |--- feature_7 <= 2.38
|   |   |   |   |   |   |   |   |--- class: 83
|   |   |   |   |   |   |   |--- feature_7 >  2.38
|   |   |   |   |   |   |   |   |--- feature_10 <= 17.65
|   |   |   |   |   |   |   |   |   |--- feature_7 <= 5.70
|   |   |   |   |   |   |   |   |   |   |--- class: 103
|   |   |   |   |   |   |   |   |   |--- feature_7 >  5.70
|   |   |   |   |   |   |   |   |   |   |--- feature_8 <= 4.50
|   |   |   |   |   |   |   |   |   |   |   |--- class: 91
|   |   |   |   |   |   |   |   |   |   |--- feature_8 >  4.50
|   |   |   |   |   |   |   |   |   |   |   |--- truncated branch of depth 3
|   |   |   |   |   |   |   |   |--- feature_10 >  17.65
|   |   |   |   |   |   |   |   |   |--- feature_12 <= 17.13
|   |   |   |   |   |   |   |   |   |   |--- feature_0 <= 0.22
|   |   |   |   |   |   |   |   |   |   |   |--- class: 110
|   |   |   |   |   |   |   |   |   |   |--- feature_0 >  0.22
|   |   |   |   |   |   |   |   |   |   |   |--- class: 82
|   |   |   |   |   |   |   |   |   |--- feature_12 >  17.13
|   |   |   |   |   |   |   |   |   |   |--- feature_12 <= 18.43
|   |   |   |   |   |   |   |   |   |   |   |--- class: 111
|   |   |   |   |   |   |   |   |   |   |--- feature_12 >  18.43
|   |   |   |   |   |   |   |   |   |   |   |--- truncated branch of depth 3
|   |   |   |   |   |   |--- feature_4 >  0.53
|   |   |   |   |   |   |   |--- feature_4 <= 0.75
|   |   |   |   |   |   |   |   |--- feature_12 <= 21.13
|   |   |   |   |   |   |   |   |   |--- feature_5 <= 6.51
|   |   |   |   |   |   |   |   |   |   |--- feature_5 <= 6.41
|   |   |   |   |   |   |   |   |   |   |   |--- truncated branch of depth 13
|   |   |   |   |   |   |   |   |   |   |--- feature_5 >  6.41
|   |   |   |   |   |   |   |   |   |   |   |--- truncated branch of depth 4
|   |   |   |   |   |   |   |   |   |--- feature_5 >  6.51
|   |   |   |   |   |   |   |   |   |   |--- feature_6 <= 96.25
|   |   |   |   |   |   |   |   |   |   |   |--- class: 39
|   |   |   |   |   |   |   |   |   |   |--- feature_6 >  96.25
|   |   |   |   |   |   |   |   |   |   |   |--- truncated branch of depth 2
|   |   |   |   |   |   |   |   |--- feature_12 >  21.13
|   |   |   |   |   |   |   |   |   |--- feature_6 <= 97.20
|   |   |   |   |   |   |   |   |   |   |--- feature_9 <= 247.50
|   |   |   |   |   |   |   |   |   |   |   |--- truncated branch of depth 2
|   |   |   |   |   |   |   |   |   |   |--- feature_9 >  247.50
|   |   |   |   |   |   |   |   |   |   |   |--- truncated branch of depth 6
|   |   |   |   |   |   |   |   |   |--- feature_6 >  97.20
|   |   |   |   |   |   |   |   |   |   |--- feature_5 <= 5.70
|   |   |   |   |   |   |   |   |   |   |   |--- truncated branch of depth 3
|   |   |   |   |   |   |   |   |   |   |--- feature_5 >  5.70
|   |   |   |   |   |   |   |   |   |   |   |--- class: 33
|   |   |   |   |   |   |   |--- feature_4 >  0.75
|   |   |   |   |   |   |   |   |--- feature_11 <= 171.09
|   |   |   |   |   |   |   |   |   |--- feature_5 <= 5.45
|   |   |   |   |   |   |   |   |   |   |--- class: 31
|   |   |   |   |   |   |   |   |   |--- feature_5 >  5.45
|   |   |   |   |   |   |   |   |   |   |--- class: 50
|   |   |   |   |   |   |   |   |--- feature_11 >  171.09
|   |   |   |   |   |   |   |   |   |--- feature_7 <= 1.53
|   |   |   |   |   |   |   |   |   |   |--- feature_5 <= 5.20
|   |   |   |   |   |   |   |   |   |   |   |--- class: 43
|   |   |   |   |   |   |   |   |   |   |--- feature_5 >  5.20
|   |   |   |   |   |   |   |   |   |   |   |--- truncated branch of depth 3
|   |   |   |   |   |   |   |   |   |--- feature_7 >  1.53
|   |   |   |   |   |   |   |   |   |   |--- feature_11 <= 339.00
|   |   |   |   |   |   |   |   |   |   |   |--- class: 60
|   |   |   |   |   |   |   |   |   |   |--- feature_11 >  339.00
|   |   |   |   |   |   |   |   |   |   |   |--- class: 67
|   |   |   |   |   |--- feature_12 >  30.39
|   |   |   |   |   |   |--- class: 41
|   |   |   |   |--- feature_0 >  11.49
|   |   |   |   |   |--- feature_0 <= 19.08
|   |   |   |   |   |   |--- feature_4 <= 0.72
|   |   |   |   |   |   |   |--- feature_4 <= 0.68
|   |   |   |   |   |   |   |   |--- feature_7 <= 2.05
|   |   |   |   |   |   |   |   |   |--- feature_5 <= 6.54
|   |   |   |   |   |   |   |   |   |   |--- class: 13
|   |   |   |   |   |   |   |   |   |--- feature_5 >  6.54
|   |   |   |   |   |   |   |   |   |   |--- class: 143
|   |   |   |   |   |   |   |   |--- feature_7 >  2.05
|   |   |   |   |   |   |   |   |   |--- feature_12 <= 21.52
|   |   |   |   |   |   |   |   |   |   |--- class: 79
|   |   |   |   |   |   |   |   |   |--- feature_12 >  21.52
|   |   |   |   |   |   |   |   |   |   |--- class: 23
|   |   |   |   |   |   |   |--- feature_4 >  0.68
|   |   |   |   |   |   |   |   |--- feature_6 <= 96.75
|   |   |   |   |   |   |   |   |   |--- feature_4 <= 0.69
|   |   |   |   |   |   |   |   |   |   |--- class: 7
|   |   |   |   |   |   |   |   |   |--- feature_4 >  0.69
|   |   |   |   |   |   |   |   |   |   |--- feature_0 <= 13.64
|   |   |   |   |   |   |   |   |   |   |   |--- class: 28
|   |   |   |   |   |   |   |   |   |   |--- feature_0 >  13.64
|   |   |   |   |   |   |   |   |   |   |   |--- class: 20
|   |   |   |   |   |   |   |   |--- feature_6 >  96.75
|   |   |   |   |   |   |   |   |   |--- class: 3
|   |   |   |   |   |   |--- feature_4 >  0.72
|   |   |   |   |   |   |   |--- feature_11 <= 28.89
|   |   |   |   |   |   |   |   |--- class: 10
|   |   |   |   |   |   |   |--- feature_11 >  28.89
|   |   |   |   |   |   |   |   |--- class: 8
|   |   |   |   |   |--- feature_0 >  19.08
|   |   |   |   |   |   |--- feature_11 <= 307.64
|   |   |   |   |   |   |   |--- feature_4 <= 0.64
|   |   |   |   |   |   |   |   |--- class: 55
|   |   |   |   |   |   |   |--- feature_4 >  0.64
|   |   |   |   |   |   |   |   |--- class: 11
|   |   |   |   |   |   |--- feature_11 >  307.64
|   |   |   |   |   |   |   |--- feature_4 <= 0.70
|   |   |   |   |   |   |   |   |--- feature_0 <= 24.22
|   |   |   |   |   |   |   |   |   |--- class: 31
|   |   |   |   |   |   |   |   |--- feature_0 >  24.22
|   |   |   |   |   |   |   |   |   |--- feature_6 <= 88.65
|   |   |   |   |   |   |   |   |   |   |--- class: 9
|   |   |   |   |   |   |   |   |   |--- feature_6 >  88.65
|   |   |   |   |   |   |   |   |   |   |--- feature_0 <= 24.92
|   |   |   |   |   |   |   |   |   |   |   |--- class: 7
|   |   |   |   |   |   |   |   |   |   |--- feature_0 >  24.92
|   |   |   |   |   |   |   |   |   |   |   |--- truncated branch of depth 3
|   |   |   |   |   |   |   |--- feature_4 >  0.70
|   |   |   |   |   |   |   |   |--- feature_6 <= 90.95
|   |   |   |   |   |   |   |   |   |--- class: 4
|   |   |   |   |   |   |   |   |--- feature_6 >  90.95
|   |   |   |   |   |   |   |   |   |--- class: 15
|--- feature_5 >  7.78
|   |--- feature_10 <= 14.80
|   |   |--- feature_0 <= 0.55
|   |   |   |--- feature_10 <= 13.30
|   |   |   |   |--- class: 205
|   |   |   |--- feature_10 >  13.30
|   |   |   |   |--- class: 206
|   |   |--- feature_0 >  0.55
|   |   |   |--- class: 206
|   |--- feature_10 >  14.80
|   |   |--- feature_12 <= 4.33
|   |   |   |--- feature_12 <= 2.80
|   |   |   |   |--- class: 194
|   |   |   |--- feature_12 >  2.80
|   |   |   |   |--- feature_9 <= 246.00
|   |   |   |   |   |--- class: 201
|   |   |   |   |--- feature_9 >  246.00
|   |   |   |   |   |--- feature_6 <= 22.65
|   |   |   |   |   |   |--- class: 196
|   |   |   |   |   |--- feature_6 >  22.65
|   |   |   |   |   |   |--- feature_6 <= 53.65
|   |   |   |   |   |   |   |--- class: 198
|   |   |   |   |   |   |--- feature_6 >  53.65
|   |   |   |   |   |   |   |--- feature_2 <= 4.54
|   |   |   |   |   |   |   |   |--- class: 191
|   |   |   |   |   |   |   |--- feature_2 >  4.54
|   |   |   |   |   |   |   |   |--- feature_12 <= 3.54
|   |   |   |   |   |   |   |   |   |--- class: 189
|   |   |   |   |   |   |   |   |--- feature_12 >  3.54
|   |   |   |   |   |   |   |   |   |--- feature_6 <= 74.35
|   |   |   |   |   |   |   |   |   |   |--- class: 204
|   |   |   |   |   |   |   |   |   |--- feature_6 >  74.35
|   |   |   |   |   |   |   |   |   |   |--- class: 200
|   |   |--- feature_12 >  4.33
|   |   |   |--- feature_5 <= 8.75
|   |   |   |   |--- class: 206
|   |   |   |--- feature_5 >  8.75
|   |   |   |   |--- class: 105
